Base path: C:/Program Files (x86)/Unity/Editor/Data
Pipe name: \\.\pipe\UnityShaderCompiler-4-8520
Cmd: getPlatforms
Cmd: compileSnippet
  api=0 type=0 insize=5491 outsize=438 kw=DIRECTIONAL SHADOWS_OFF LIGHTMAP_ON DIRLIGHTMAP_OFF ok=1
Cmd: compileSnippet
  api=0 type=0 insize=5491 outsize=1534 kw=DIRECTIONAL SHADOWS_SCREEN LIGHTMAP_OFF DIRLIGHTMAP_OFF ok=1
Cmd: compileSnippet
  api=0 type=0 insize=5491 outsize=541 kw=DIRECTIONAL SHADOWS_SCREEN LIGHTMAP_ON DIRLIGHTMAP_OFF ok=1
Cmd: compileSnippet
  api=0 type=0 insize=5491 outsize=2098 kw=DIRECTIONAL SHADOWS_OFF LIGHTMAP_OFF DIRLIGHTMAP_OFF VERTEXLIGHT_ON ok=1
Cmd: compileSnippet
  api=0 type=0 insize=5491 outsize=2196 kw=DIRECTIONAL SHADOWS_SCREEN LIGHTMAP_OFF DIRLIGHTMAP_OFF VERTEXLIGHT_ON ok=1
Cmd: compileSnippet
  api=8 type=1 insize=5491 outsize=4103 kw=DIRECTIONAL SHADOWS_OFF LIGHTMAP_OFF DIRLIGHTMAP_OFF ok=1
Cmd: compileSnippet
  api=1 type=1 insize=5491 outsize=976 kw=DIRECTIONAL SHADOWS_SCREEN LIGHTMAP_OFF DIRLIGHTMAP_OFF ok=1
Cmd: compileSnippet
  api=1 type=1 insize=5491 outsize=389 kw=DIRECTIONAL SHADOWS_SCREEN LIGHTMAP_ON DIRLIGHTMAP_OFF ok=1
Cmd: compileSnippet
  api=1 type=0 insize=3334 outsize=780 kw=POINT ok=1
Cmd: compileSnippet
  api=1 type=0 insize=3334 outsize=622 kw=DIRECTIONAL ok=1
Cmd: compileSnippet
  api=8 type=0 insize=3334 outsize=5330 kw=SPOT ok=1
Cmd: compileSnippet
  api=0 type=0 insize=3334 outsize=1234 kw=DIRECTIONAL_COOKIE ok=1
Cmd: compileSnippet
  api=8 type=0 insize=3334 outsize=5200 kw=DIRECTIONAL_COOKIE ok=1
Cmd: compileSnippet
  api=0 type=1 insize=3334 outsize=989 kw=DIRECTIONAL ok=1
Cmd: compileSnippet
  api=1 type=1 insize=3334 outsize=880 kw=DIRECTIONAL ok=1
Cmd: compileSnippet
  api=1 type=1 insize=3334 outsize=1244 kw=SPOT ok=1
Cmd: compileSnippet
  api=0 type=1 insize=3334 outsize=1291 kw=POINT_COOKIE ok=1
Cmd: compileSnippet
  api=8 type=1 insize=3334 outsize=4762 kw=POINT_COOKIE ok=1
Cmd: compileSnippet
  api=1 type=0 insize=5370 outsize=668 kw=DIRECTIONAL SHADOWS_OFF LIGHTMAP_OFF DIRLIGHTMAP_OFF ok=1
Cmd: compileSnippet
  api=1 type=0 insize=5370 outsize=190 kw=DIRECTIONAL SHADOWS_OFF LIGHTMAP_ON DIRLIGHTMAP_OFF ok=1
Cmd: compileSnippet
  api=8 type=0 insize=5370 outsize=5022 kw=DIRECTIONAL SHADOWS_SCREEN LIGHTMAP_OFF DIRLIGHTMAP_OFF ok=1
Cmd: compileSnippet
  api=0 type=0 insize=5370 outsize=1656 kw=DIRECTIONAL SHADOWS_OFF LIGHTMAP_OFF DIRLIGHTMAP_OFF VERTEXLIGHT_ON ok=1
Cmd: compileSnippet
  api=0 type=0 insize=5370 outsize=1783 kw=DIRECTIONAL SHADOWS_SCREEN LIGHTMAP_OFF DIRLIGHTMAP_OFF VERTEXLIGHT_ON ok=1
Cmd: compileSnippet
  api=1 type=1 insize=5370 outsize=692 kw=DIRECTIONAL SHADOWS_OFF LIGHTMAP_OFF DIRLIGHTMAP_OFF ok=1
Cmd: compileSnippet
  api=4 type=1 insize=5370 outsize=1136 kw=DIRECTIONAL SHADOWS_OFF LIGHTMAP_ON DIRLIGHTMAP_OFF ok=1
Cmd: compileSnippet
  api=1 type=1 insize=5370 outsize=751 kw=DIRECTIONAL SHADOWS_SCREEN LIGHTMAP_OFF DIRLIGHTMAP_OFF ok=1
Cmd: compileSnippet
  api=0 type=1 insize=5370 outsize=502 kw=DIRECTIONAL SHADOWS_SCREEN LIGHTMAP_ON DIRLIGHTMAP_OFF ok=1
Cmd: compileSnippet
  api=8 type=1 insize=5370 outsize=2543 kw=DIRECTIONAL SHADOWS_SCREEN LIGHTMAP_ON DIRLIGHTMAP_OFF ok=1
Cmd: compileSnippet
  api=8 type=0 insize=3313 outsize=4363 kw=POINT ok=1
Cmd: compileSnippet
  api=0 type=0 insize=3313 outsize=894 kw=SPOT ok=1
Cmd: compileSnippet
  api=0 type=0 insize=3313 outsize=857 kw=POINT_COOKIE ok=1
Cmd: compileSnippet
  api=8 type=0 insize=3313 outsize=4363 kw=POINT_COOKIE ok=1
Cmd: compileSnippet
  api=0 type=1 insize=3313 outsize=804 kw=DIRECTIONAL ok=1
Cmd: compileSnippet
  api=1 type=1 insize=3313 outsize=650 kw=DIRECTIONAL ok=1
Cmd: compileSnippet
  api=0 type=1 insize=3313 outsize=1247 kw=SPOT ok=1
Cmd: compileSnippet
  api=0 type=1 insize=3313 outsize=1115 kw=POINT_COOKIE ok=1
Cmd: compileSnippet
  api=0 type=1 insize=3313 outsize=881 kw=DIRECTIONAL_COOKIE ok=1
Cmd: compileSnippet
  api=1 type=1 insize=3313 outsize=711 kw=DIRECTIONAL_COOKIE ok=1
Cmd: compileSnippet
  api=8 type=1 insize=3313 outsize=3527 kw=DIRECTIONAL_COOKIE ok=1
Unhandled exception: Readfile from pipe failed. GLE=The pipe has been ended.


Quitting shader compiler process
